<?xml version="1.0" encoding="UTF-8"?>
<testsuite name="com.example.SBdemoApplicationTests" tests="0" skipped="0" failures="0" errors="0" timestamp="1970-01-01T00:00:00" hostname="pnf-keiri" time="0.0">
  <properties/>
  <system-out><![CDATA[11:55:46.380 [Test worker] DEBUG org.springframework.test.context.junit4.SpringJUnit4ClassRunner - SpringJUnit4ClassRunner constructor called with [class com.example.SBdemoApplicationTests]
11:55:46.460 [Test worker] DEBUG org.springframework.test.context.BootstrapUtils - Instantiating CacheAwareContextLoaderDelegate from class [org.springframework.test.context.cache.DefaultCacheAwareContextLoaderDelegate]
11:55:46.502 [Test worker] DEBUG org.springframework.test.context.BootstrapUtils - Instantiating BootstrapContext using constructor [public org.springframework.test.context.support.DefaultBootstrapContext(java.lang.Class,org.springframework.test.context.CacheAwareContextLoaderDelegate)]
11:55:46.579 [Test worker] DEBUG org.springframework.test.context.BootstrapUtils - Instantiating TestContextBootstrapper for test class [com.example.SBdemoApplicationTests] from class [org.springframework.boot.test.context.SpringBootTestContextBootstrapper]
11:55:46.625 [Test worker] INFO org.springframework.boot.test.context.SpringBootTestContextBootstrapper - Neither @ContextConfiguration nor @ContextHierarchy found for test class [com.example.SBdemoApplicationTests], using SpringBootContextLoader
11:55:46.639 [Test worker] DEBUG org.springframework.test.context.support.AbstractContextLoader - Did not detect default resource location for test class [com.example.SBdemoApplicationTests]: class path resource [com/example/SBdemoApplicationTests-context.xml] does not exist
11:55:46.642 [Test worker] DEBUG org.springframework.test.context.support.AbstractContextLoader - Did not detect default resource location for test class [com.example.SBdemoApplicationTests]: class path resource [com/example/SBdemoApplicationTestsContext.groovy] does not exist
11:55:46.644 [Test worker] INFO org.springframework.test.context.support.AbstractContextLoader - Could not detect default resource locations for test class [com.example.SBdemoApplicationTests]: no resource found for suffixes {-context.xml, Context.groovy}.
11:55:46.649 [Test worker] INFO org.springframework.test.context.support.AnnotationConfigContextLoaderUtils - Could not detect default configuration classes for test class [com.example.SBdemoApplicationTests]: SBdemoApplicationTests does not declare any static, non-private, non-final, nested classes annotated with @Configuration.
11:55:46.804 [Test worker] DEBUG org.springframework.test.context.support.ActiveProfilesUtils - Could not find an 'annotation declaring class' for annotation type [org.springframework.test.context.ActiveProfiles] and class [com.example.SBdemoApplicationTests]
11:55:47.020 [Test worker] DEBUG org.springframework.core.env.StandardEnvironment - Adding [systemProperties] PropertySource with lowest search precedence
11:55:47.022 [Test worker] DEBUG org.springframework.core.env.StandardEnvironment - Adding [systemEnvironment] PropertySource with lowest search precedence
11:55:47.023 [Test worker] DEBUG org.springframework.core.env.StandardEnvironment - Initialized StandardEnvironment with PropertySources [systemProperties,systemEnvironment]
11:55:47.073 [Test worker] DEBUG org.springframework.core.io.support.PathMatchingResourcePatternResolver - Resolved classpath location [com/example/] to resources [URL [file:/C:/Users/user01/imaiWork/gitCloneTest/firstRep/workspace/SBdemo/build/classes/test/com/example/], URL [file:/C:/Users/user01/imaiWork/gitCloneTest/firstRep/workspace/SBdemo/build/classes/main/com/example/]]
11:55:47.075 [Test worker] DEBUG org.springframework.core.io.support.PathMatchingResourcePatternResolver - Looking for matching resources in directory tree [C:\Users\user01\imaiWork\gitCloneTest\firstRep\workspace\SBdemo\build\classes\test\com\example]
11:55:47.077 [Test worker] DEBUG org.springframework.core.io.support.PathMatchingResourcePatternResolver - Searching directory [C:\Users\user01\imaiWork\gitCloneTest\firstRep\workspace\SBdemo\build\classes\test\com\example] for files matching pattern [C:/Users/user01/imaiWork/gitCloneTest/firstRep/workspace/SBdemo/build/classes/test/com/example/*.class]
11:55:47.090 [Test worker] DEBUG org.springframework.core.io.support.PathMatchingResourcePatternResolver - Looking for matching resources in directory tree [C:\Users\user01\imaiWork\gitCloneTest\firstRep\workspace\SBdemo\build\classes\main\com\example]
11:55:47.091 [Test worker] DEBUG org.springframework.core.io.support.PathMatchingResourcePatternResolver - Searching directory [C:\Users\user01\imaiWork\gitCloneTest\firstRep\workspace\SBdemo\build\classes\main\com\example] for files matching pattern [C:/Users/user01/imaiWork/gitCloneTest/firstRep/workspace/SBdemo/build/classes/main/com/example/*.class]
11:55:47.094 [Test worker] DEBUG org.springframework.core.io.support.PathMatchingResourcePatternResolver - Resolved location pattern [classpath*:com/example/*.class] to resources [file [C:\Users\user01\imaiWork\gitCloneTest\firstRep\workspace\SBdemo\build\classes\test\com\example\SBdemoApplicationTests.class], file [C:\Users\user01\imaiWork\gitCloneTest\firstRep\workspace\SBdemo\build\classes\main\com\example\SBdemoApplication.class], file [C:\Users\user01\imaiWork\gitCloneTest\firstRep\workspace\SBdemo\build\classes\main\com\example\WebController.class]]
11:55:47.293 [Test worker] DEBUG org.springframework.context.annotation.ClassPathScanningCandidateComponentProvider - Identified candidate component class: file [C:\Users\user01\imaiWork\gitCloneTest\firstRep\workspace\SBdemo\build\classes\main\com\example\SBdemoApplication.class]
11:55:47.322 [Test worker] INFO org.springframework.boot.test.context.SpringBootTestContextBootstrapper - Found @SpringBootConfiguration com.example.SBdemoApplication for test class com.example.SBdemoApplicationTests
11:55:47.335 [Test worker] DEBUG org.springframework.boot.test.context.SpringBootTestContextBootstrapper - @TestExecutionListeners is not present for class [com.example.SBdemoApplicationTests]: using defaults.
11:55:47.345 [Test worker] INFO org.springframework.boot.test.context.SpringBootTestContextBootstrapper - Loaded default TestExecutionListener class names from location [META-INF/spring.factories]: [org.springframework.boot.test.mock.mockito.MockitoTestExecutionListener, org.springframework.boot.test.mock.mockito.ResetMocksTestExecutionListener, org.springframework.boot.test.autoconfigure.AutoConfigureReportTestExecutionListener, org.springframework.boot.test.autoconfigure.restdocs.RestDocsTestExecutionListener, org.springframework.boot.test.autoconfigure.web.client.MockRestServiceServerResetTestExecutionListener, org.springframework.test.context.web.ServletTestExecutionListener, org.springframework.test.context.support.DirtiesContextBeforeModesTestExecutionListener, org.springframework.test.context.support.DependencyInjectionTestExecutionListener, org.springframework.test.context.support.DirtiesContextTestExecutionListener, org.springframework.test.context.transaction.TransactionalTestExecutionListener, org.springframework.test.context.jdbc.SqlScriptsTestExecutionListener]
11:55:47.365 [Test worker] INFO org.springframework.boot.test.context.SpringBootTestContextBootstrapper - Could not instantiate TestExecutionListener [org.springframework.test.context.jdbc.SqlScriptsTestExecutionListener]. Specify custom listener classes or make the default listener classes (and their required dependencies) available. Offending class: [org/springframework/transaction/interceptor/TransactionAttribute]
11:55:47.372 [Test worker] INFO org.springframework.boot.test.context.SpringBootTestContextBootstrapper - Could not instantiate TestExecutionListener [org.springframework.test.context.transaction.TransactionalTestExecutionListener]. Specify custom listener classes or make the default listener classes (and their required dependencies) available. Offending class: [org/springframework/transaction/interceptor/TransactionAttributeSource]
11:55:47.381 [Test worker] INFO org.springframework.boot.test.context.SpringBootTestContextBootstrapper - Using TestExecutionListeners: [org.springframework.test.context.web.ServletTestExecutionListener@12de59e, org.springframework.test.context.support.DirtiesContextBeforeModesTestExecutionListener@16116b9, org.springframework.boot.test.autoconfigure.AutoConfigureReportTestExecutionListener@d43eae, org.springframework.test.context.support.DependencyInjectionTestExecutionListener@1772c85, org.springframework.test.context.support.DirtiesContextTestExecutionListener@1f62860, org.springframework.boot.test.mock.mockito.ResetMocksTestExecutionListener@3b2279, org.springframework.boot.test.autoconfigure.restdocs.RestDocsTestExecutionListener@1694ede, org.springframework.boot.test.mock.mockito.MockitoTestExecutionListener@1405472, org.springframework.boot.test.autoconfigure.web.client.MockRestServiceServerResetTestExecutionListener@147c352]
11:55:47.459 [Test worker] DEBUG org.springframework.test.annotation.ProfileValueUtils - Retrieved @ProfileValueSourceConfiguration [null] for test class [com.example.SBdemoApplicationTests]
11:55:47.461 [Test worker] DEBUG org.springframework.test.annotation.ProfileValueUtils - Retrieved ProfileValueSource type [class org.springframework.test.annotation.SystemProfileValueSource] for class [com.example.SBdemoApplicationTests]
]]></system-out>
  <system-err><![CDATA[]]></system-err>
</testsuite>
